setup-2.5.58-7.el5.noarch のインストール
warning: setup-2.5.58-7.el5: Header V3 DSA signature: NOKEY, key ID e8562897
filesystem-2.4.0-2.el5.centos.i386 のインストール
mailcap-2.1.23-1.fc6.noarch のインストール
basesystem-8.0-5.1.1.el5.centos.noarch のインストール
tzdata-2009k-1.el5.noarch のインストール
glibc-common-2.5-42.i386 のインストール
cracklib-dicts-2.8.9-3.3.i386 のインストール
gnome-mime-data-2.4.2-3.1.i386 のインストール
iso-codes-0.53-1.noarch のインストール
comps-extras-11.1-1.1.el5.centos.noarch のインストール
rmt-0.4b41-4.el5.i386 のインストール
xkeyboard-config-0.8-9.el5.noarch のインストール
nash-5.1.19.6-54.i386 のインストール
desktop-backgrounds-basic-2.0-41.el5.centos.noarch のインストール
centos-release-notes-5.4-4.i386 のインストール
1:termcap-5.5-1.20060701.1.noarch のインストール
dump-0.4b41-4.el5.i386 のインストール
gnome-audio-2.0.0-3.1.1.noarch のインストール
gnome-backgrounds-2.15.92-1.fc6.noarch のインストール
man-pages-ja-20060815-11.el5.noarch のインストール
gnu-efi-3.0c-1.1.i386 のインストール
rootfiles-8.1-1.1.1.noarch のインストール
specspo-13-1.el5.centos.noarch のインストール
man-pages-2.39-12.el5.noarch のインストール
words-3.0-9.1.noarch のインストール
libgcc-4.1.2-46.el5.i386 のインストール
glibc-2.5-42.i686 のインストール
zlib-1.2.3-3.i386 のインストール
glib2-2.12.3-4.el5_3.1.i386 のインストール
atk-1.12.2-1.fc6.i386 のインストール
popt-1.10.2.3-18.el5.i386 のインストール
libICE-1.0.1-2.1.i386 のインストール
libSM-1.0.1-3.1.i386 のインストール
chkconfig-1.3.30.1-2.i386 のインストール
libart_lgpl-2.3.17-4.i386 のインストール
libstdc++-4.1.2-46.el5.i386 のインストール
libjpeg-6b-37.i386 のインストール
3:mktemp-1.5-23.2.2.i386 のインストール
2:libpng-1.2.10-7.1.el5_3.2.i386 のインストール
audit-libs-1.7.13-2.el5.i386 のインストール
libusb-0.1.12-5.1.i386 のインストール
expat-1.95.8-8.2.1.i386 のインストール
cyrus-sasl-lib-2.1.22-5.el5.i386 のインストール
libtermcap-2.0.8-46.1.i386 のインストール
bash-3.2-24.el5.i386 のインストール
libxml2-2.6.26-2.1.2.8.i386 のインストール
info-4.8-14.el5.i386 のインストール
ncurses-5.5-24.20060715.i386 のインストール
freetype-2.2.1-21.el5_3.i386 のインストール
nspr-4.7.4-1.el5_3.1.i386 のインストール
nss-3.12.3.99.3-1.el5.centos.2.i386 のインストール
desktop-file-utils-0.10-7.i386 のインストール
readline-5.1-3.el5.i386 のインストール
libsepol-1.15.2-2.el5.i386 のインストール
gawk-3.1.5-14.el5.i386 のインストール
sed-4.1.5-5.fc6.i386 のインストール
libtiff-3.8.2-7.el5_3.4.i386 のインストール
libXau-1.0.1-3.1.i386 のインストール
1:audiofile-0.2.6-5.i386 のインストール
db4-4.3.29-10.el5.i386 のインストール
bzip2-libs-1.0.3-4.el5_2.i386 のインストール
tcp_wrappers-7.6-40.7.el5.i386 のインストール
libgpg-error-1.4-2.i386 のインストール
libattr-2.4.32-1.1.i386 のインストール
libacl-2.2.39-3.el5.i386 のインストール
libcap-1.10-26.i386 のインストール
libgcrypt-1.4.4-5.el5.i386 のインストール
gnutls-1.4.1-3.el5_2.1.i386 のインストール
2:libogg-1.1.3-3.el5.i386 のインストール
libxslt-1.1.17-2.el5_2.2.i386 のインストール
libfontenc-1.0.2-2.2.el5.i386 のインストール
libexif-0.6.13-4.0.2.el5_1.1.i386 のインストール
keyutils-libs-1.2-1.el5.i386 のインストール
libXfont-1.2.2-1.0.3.el5_1.i386 のインストール
libsoup-2.2.98-2.el5_3.1.i386 のインストール
sqlite-3.3.6-5.i386 のインストール
procps-3.2.7-11.1.el5.i386 のインストール
libidn-0.6.5-1.1.i386 のインストール
1:pkgconfig-0.21-2.el5.i386 のインストール
libXdmcp-1.0.1-2.1.i386 のインストール
libieee1284-0.2.9-4.el5.i386 のインストール
lcms-1.18-0.1.beta1.el5_3.2.i386 のインストール
diffutils-2.8.1-15.2.3.el5.i386 のインストール
gamin-0.1.7-8.el5.i386 のインストール
elfutils-libelf-0.137-3.el5.i386 のインストール
libraw1394-1.3.0-1.el5.i386 のインストール
libmng-1.0.9-5.1.i386 のインストール
1:libvorbis-1.1.2-3.el5_3.3.i386 のインストール
iproute-2.6.18-10.el5.i386 のインストール
ttmkfdir-3.0.9-23.el5.i386 のインストール
binutils-2.17.50.0.6-12.el5.i386 のインストール
iptables-1.3.5-5.3.el5.i386 のインストール
tcl-8.4.13-4.el5.i386 のインストール
libgtop2-2.14.4-3.el5.i386 のインストール
zip-2.31-2.el5.i386 のインストール
slang-2.0.6-4.el5.i386 のインストール
hesiod-3.1.0-8.i386 のインストール
gdbm-1.8.0-26.2.1.i386 のインストール
4:perl-5.8.8-27.el5.i386 のインストール
12:aspell-0.60.3-7.1.i386 のインストール
libdrm-2.0.2-1.1.i386 のインストール
libavc1394-0.5.3-1.fc6.i386 のインストール
flac-1.1.2-28.el5_0.1.i386 のインストール
speex-1.0.5-4.el5_1.1.i386 のインストール
bzip2-1.0.3-4.el5_2.i386 のインストール
2:pilot-link-0.11.8-16.i386 のインストール
less-394-6.el5.i386 のインストール
gzip-1.3.5-10.el5.centos.i386 のインストール
cpio-2.6-23.el5.i386 のインストール
1:make-3.81-3.el5.i386 のインストール
shared-mime-info-0.19-5.el5.i386 のインストール
cdparanoia-libs-alpha9.8-27.2.i386 のインストール
libmusicbrainz-2.1.1-4.1.i386 のインストール
pcre-6.6-2.el5_1.7.i386 のインストール
grep-2.5.1-55.el5.i386 のインストール
libIDL-0.8.7-1.fc6.i386 のインストール
ORBit2-2.14.3-5.el5.i386 のインストール
libbonobo-2.16.0-1.fc6.i386 のインストール
file-4.17-15.el5_3.1.i386 のインストール
anthy-7900-4.el5.i386 のインストール
9:mkisofs-2.01-10.7.el5.i386 のインストール
mailx-8.1.1-44.2.2.i386 のインストール
libdaemon-0.10-5.el5.i386 のインストール
pcsc-lite-libs-1.4.4-0.1.el5.i386 のインストール
libsysfs-2.0.0-6.i386 のインストール
libdv-0.104-4.fc6.1.i386 のインストール
liboil-0.3.8-2.1.i386 のインストール
dvd+rw-tools-7.0-1.el5.i386 のインストール
bc-1.06-21.i386 のインストール
cdparanoia-alpha9.8-27.2.i386 のインストール
psutils-1.17-26.1.i386 のインストール
perl-String-CRC32-1.4-2.fc6.i386 のインストール
festival-1.95-5.2.1.i386 のインストール
gnome-speech-0.4.5-1.fc6.i386 のインストール
iptables-ipv6-1.3.5-5.3.el5.i386 のインストール
libiec61883-1.0.0-11.fc6.i386 のインストール
keyutils-1.2-1.el5.i386 のインストール
libtheora-1.0alpha7-1.i386 のインストール
2:vim-common-7.0.109-6.el5.i386 のインストール
hmaccalc-0.9.6-1.el5.i386 のインストール
nss-tools-3.12.3.99.3-1.el5.centos.2.i386 のインストール
gpm-1.20.1-74.1.i386 のインストール
time-1.7-27.2.2.i386 のインストール
ed-0.2-39.el5_2.i386 のインストール
groff-1.18.1.1-11.1.i386 のインストール
cpp-4.1.2-46.el5.i386 のインストール
m4-1.4.5-3.el5.1.i386 のインストール
libcroco-0.6.1-2.1.i386 のインストール
iputils-20020927-46.el5.i386 のインストール
9:cdrecord-2.01-10.7.el5.i386 のインストール
procmail-3.22-17.1.el5.centos.i386 のインストール
cyrus-sasl-plain-2.1.22-5.el5.i386 のインストール
cdrdao-1.2.1-2.i386 のインストール
libicu-3.6-5.11.4.i386 のインストール
gmp-4.1.4-10.el5.i386 のインストール
gstreamer-tools-0.10.20-3.el5.i386 のインストール
meanwhile-1.0.2-5.el5.i386 のインストール
dosfstools-2.11-7.el5.i386 のインストール
pax-3.4-1.2.2.i386 のインストール
1:wireless-tools-28-2.el5.i386 のインストール
setarch-2.0-1.1.i386 のインストール
eject-2.1.5-4.2.el5.i386 のインストール
bluez-libs-3.7-1.1.i386 のインストール
libFS-1.0.0-3.1.i386 のインストール
checkpolicy-1.33.1-4.el5.i386 のインストール
ethtool-6-3.el5.i386 のインストール
mingetty-1.07-5.2.2.i386 のインストール
libevent-1.1a-3.2.1.i386 のインストール
netpbm-10.35.58-8.el5.i386 のインストール
brlapi-0.4.1-1.fc6.1.i386 のインストール
libvolume_id-095-14.21.el5.i386 のインストール
1:dmidecode-2.9-1.el5.i386 のインストール
libsilc-1.0.2-2.fc6.i386 のインストール
libtool-ltdl-1.5.22-6.1.i386 のインストール
sgpio-1.2.0_10-2.el5.i386 のインストール
patch-2.5.4-29.2.3.el5.i386 のインストール
lftp-3.7.11-4.el5.i386 のインストール
sysfsutils-2.0.0-6.i386 のインストール
numactl-0.9.8-8.el5.i386 のインストール
fbset-2.1-22.i386 のインストール
perl-NKF-2.07-1.1.fc6.i386 のインストール
enscript-1.6.4-4.1.1.el5_2.i386 のインストール
iptstate-1.4-1.1.2.2.i386 のインストール
crash-4.0-8.9.1.el5.centos.i386 のインストール
dcraw-0.0.20060521-1.1.i386 のインストール
jwhois-3.2.3-8.el5.i386 のインストール
acl-2.2.39-3.el5.i386 のインストール
rsync-2.6.8-3.1.i386 のインストール
attr-2.4.32-1.1.i386 のインストール
ftp-0.17-35.el5.i386 のインストール
udftools-1.0.0b3-0.1.el5.i386 のインストール
nano-1.3.12-1.1.i386 のインストール
2:mtr-0.71-3.1.i386 のインストール
1:telnet-0.17-39.el5.i386 のインストール
talk-0.17-29.2.2.i386 のインストール
mgetty-1.1.33-9.fc6.i386 のインストール
unzip-5.52-3.el5.i386 のインストール
ibmasm-3.0-9.i386 のインストール
1:cpuspeed-1.2.1-8.el5.i386 のインストール
nc-1.84-10.fc6.i386 のインストール
lv-4.51-8.1.i386 のインストール
3:traceroute-2.0.1-5.el5.i386 のインストール
vconfig-1.9-2.1.i386 のインストール
libaio-0.3.106-3.2.i386 のインストール
finger-0.17-32.2.1.1.i386 のインストール
rdate-1.4-8.el5.i386 のインストール
symlinks-1.2-24.2.2.i386 のインストール
pam_smb-1.1.7-7.2.1.i386 のインストール
dos2unix-3.1-27.2.el5.i386 のインストール
rsh-0.17-40.el5.i386 のインストール
unix2dos-2.2-26.2.3.el5.i386 のインストール
tree-1.5.0-4.i386 のインストール
pam_passwdqc-1.0.2-1.2.2.i386 のインストール
1:rdist-6.1.5-44.i386 のインストール
libhugetlbfs-1.3-3.el5.i386 のインストール
hdparm-6.6-2.i386 のインストール
setserial-2.17-19.2.2.i386 のインストール
lrzsz-0.12.20-22.1.i386 のインストール
kcc-2.3-24.2.2.i386 のインストール
nkf-2.07-1.1.fc6.i386 のインストール
joystick-1.2.15-20.2.2.i386 のインストール
9:cdda2wav-2.01-10.7.el5.i386 のインストール
redhat-menus-6.7.8-3.el5.noarch のインストール
redhat-logos-4.9.99-11.el5.centos.noarch のインストール
jpackage-utils-1.7.3-1jpp.2.el5.noarch のインストール
xorg-x11-filesystem-7.1-2.fc6.noarch のインストール
crontabs-1.10-8.noarch のインストール
xml-commons-1.3.02-0.b2.7jpp.10.i386 のインストール
10:centos-release-5-4.el5.centos.1.i386 のインストール
bitstream-vera-fonts-1.10-7.noarch のインストール
libao-0.8.6-7.i386 のインストール
50:aspell-en-6.0-2.1.i386 のインストール
libX11-1.0.3-11.el5.i386 のインストール
libXext-1.0.1-2.1.i386 のインストール
libXrender-0.9.1-3.1.i386 のインストール
libXt-1.0.2-3.1.fc6.i386 のインストール
startup-notification-0.8-4.1.i386 のインストール
1:xorg-x11-font-utils-7.1-2.i386 のインストール
libXmu-1.0.2-5.i386 のインストール
libXrandr-1.1.1-3.1.i386 のインストール
libXi-1.0.1-3.1.i386 のインストール
libXtst-1.0.1-3.1.i386 のインストール
libXinerama-1.0.1-2.1.i386 のインストール
libXfixes-4.0.1-2.1.i386 のインストール
libXcursor-1.1.7-1.1.i386 のインストール
libXxf86vm-1.0.1-3.1.i386 のインストール
libXxf86misc-1.0.1-3.1.i386 のインストール
libXScrnSaver-1.1.0-3.1.i386 のインストール
libXpm-3.5.5-3.i386 のインストール
libXaw-1.0.2-8.1.i386 のインストール
libxkbfile-1.0.3-3.1.i386 のインストール
libxklavier-3.0-3.el5.i386 のインストール
xorg-x11-xkb-utils-1.0.2-2.1.i386 のインストール
libXdamage-1.0.3-2.1.i386 のインストール
1:xorg-x11-xauth-1.0.1-2.1.i386 のインストール
libdmx-1.0.2-3.1.i386 のインストール
libXv-1.0.1-4.1.i386 のインストール
libXTrap-1.0.0-3.1.i386 のインストール
libXevie-1.0.1-3.1.i386 のインストール
libXres-1.0.1-3.1.i386 のインストール
libXxf86dga-1.0.1-3.1.i386 のインストール
libXfontcache-1.0.2-3.1.i386 のインストール
xorg-x11-server-utils-7.1-4.fc6.i386 のインストール
tk-8.4.13-5.el5_1.1.i386 のインストール
giflib-4.1.3-7.1.el5_3.1.i386 のインストール
1:xorg-x11-twm-1.0.1-3.1.i386 のインストール
anacron-2.3-45.el5.centos.i386 のインストール
grub-0.97-13.5.i386 のインストール
libselinux-1.33.4-5.5.el5.i386 のインストール
2:shadow-utils-4.0.17-14.el5.i386 のインストール
device-mapper-1.02.32-1.el5.i386 のインストール
e2fsprogs-libs-1.39-23.el5.i386 のインストール
1:findutils-4.2.27-6.el5.i386 のインストール
coreutils-5.97-23.el5.i386 のインストール
fontconfig-2.4.1-7.el5.i386 のインストール
cairo-1.2.4-5.el5.i386 のインストール
krb5-libs-1.6.1-36.el5.i386 のインストール
openssl-0.9.8e-12.el5.i686 のインストール
python-2.4.3-27.el5.i386 のインストール
openldap-2.3.43-3.el5.i386 のインストール
rhpl-0.194.1-1.i386 のインストール
1:cups-libs-1.3.7-11.el5.i386 のインストール
libXft-2.1.10-1.1.i386 のインストール
pango-1.14.9-6.el5.centos.i386 のインストール
alsa-lib-1.0.17-1.el5.i386 のインストール
1:esound-0.2.36-3.i386 のインストール
newt-0.52.2-12.el5.i386 のインストール
mesa-libGL-6.5.1-7.7.el5.i386 のインストール
gnome-menus-2.16.0-2.fc6.i386 のインストール
pygobject2-2.12.1-5.el5.i386 のインストール
SDL-1.2.10-8.el5.i386 のインストール
libxml2-python-2.6.26-2.1.2.8.i386 のインストール
pyxf86config-0.3.31-2.fc6.i386 のインストール
curl-7.15.5-2.1.el5_3.5.i386 のインストール
1:net-snmp-libs-5.3.2.2-7.el5.i386 のインストール
xorg-x11-xinit-1.0.2-15.el5.i386 のインストール
e2fsprogs-1.39-23.el5.i386 のインストール
logrotate-3.7.4-9.i386 のインストール
2:tar-1.15.1-23.0.1.el5.i386 のインストール
psmisc-22.2-7.i386 のインストール
kpartx-0.4.7-30.el5.i386 のインストール
1:hpijs-1.6.7-4.1.el5.4.i386 のインストール
pwlib-1.10.1-7.0.1.el5.i386 のインストール
mesa-libGLU-6.5.1-7.7.el5.i386 のインストール
system-config-securitylevel-tui-1.6.29.1-2.1.el5.i386 のインストール
1:qt-3.3.6-23.el5.i386 のインストール
libsemanage-1.9.1-4.4.el5.i386 のインストール
gettext-0.14.6-4.el5.i386 のインストール
gamin-python-0.1.7-8.el5.i386 のインストール
pycairo-1.2.0-1.1.i386 のインストール
14:libpcap-0.9.4-14.el5.i386 のインストール
libgssapi-0.10-2.i386 のインストール
cryptsetup-luks-1.0.3-5.el5.i386 のインストール
apr-1.2.7-11.el5_3.1.i386 のインストール
dmraid-1.0.0.rc13-53.el5.i386 のインストール
libutempter-1.1.4-4.el5.i386 のインストール
lockdev-1.0.1-10.i386 のインストール
gphoto2-2.2.0-3.el5.i386 のインストール
net-tools-1.60-78.el5.i386 のインストール
nfs-utils-lib-1.0.8-7.6.el5.i386 のインストール
opal-2.2.2-1.1.0.1.i386 のインストール
device-mapper-multipath-0.4.7-30.el5.i386 のインストール
xorg-x11-utils-7.1-2.fc6.i386 のインストール
ntsysv-1.3.30.1-2.i386 のインストール
alsa-utils-1.0.17-1.el5.i386 のインストール
sox-12.18.1-1.i386 のインストール
paps-0.6.6-18.el5.i386 のインストール
python-ldap-2.2.0-2.1.i386 のインストール
m2crypto-0.16-6.el5.6.i386 のインストール
libselinux-python-1.33.4-5.5.el5.i386 のインストール
audit-libs-python-1.7.13-2.el5.i386 のインストール
python-elementtree-1.2.6-5.i386 のインストール
python-sqlite-1.1.7-1.2.1.i386 のインストール
yum-metadata-parser-1.1.2-3.el5.centos.i386 のインストール
cracklib-2.8.9-3.3.i386 のインストール
pam-0.99.6.2-6.el5.i386 のインストール
libuser-0.54.7-2.el5.5.i386 のインストール
SysVinit-2.86-15.el5.i386 のインストール
ppp-2.4.4-2.el5.i386 のインストール
passwd-0.73-1.i386 のインストール
usermode-1.88-3.el5.2.i386 のインストール
authconfig-5.3.21-6.el5.i386 のインストール
samba-common-3.0.33-3.14.el5.i386 のインストール
at-3.1.8-82.fc6.i386 のインストール
PyXML-0.8.4-4.i386 のインストール
python-numeric-23.7-2.2.2.i386 のインストール
sip-4.4.5-3.i386 のインストール
PyQt-3.16-4.i386 のインストール
pyorbit-2.14.1-3.el5.i386 のインストール
libwvstreams-4.2.2-2.1.i386 のインストール
30:bind-libs-9.3.6-4.P1.el5.i386 のインストール
neon-0.25.5-10.el5.i386 のインストール
cyrus-sasl-md5-2.1.22-5.el5.i386 のインストール
postgresql-libs-8.1.11-1.el5_1.1.i386 のインストール
apr-util-1.2.7-7.el5_3.2.i386 のインストール
gd-2.0.33-9.4.el5_1.1.i386 のインストール
tcsh-6.14-14.el5.i386 のインストール
mtools-3.9.10-2.fc6.i386 のインストール
nscd-2.5-42.i386 のインストール
audit-1.7.13-2.el5.i386 のインストール
5:guile-1.8.0-8.20060831cvs.i386 のインストール
device-mapper-event-1.02.32-1.el5.i386 のインストール
lvm2-2.02.46-8.el5.i386 のインストール
dmraid-events-1.0.0.rc13-53.el5.i386 のインストール
MAKEDEV-3.23-1.2.i386 のインストール
udev-095-14.21.el5.i386 のインストール
initscripts-8.45.30-2.el5.centos.i386 のインストール
util-linux-2.13-0.52.el5.i386 のインストール
which-2.16-7.i386 のインストール
gstreamer-0.10.20-3.el5.i386 のインストール
portmap-4.0-65.2.2.1.i386 のインストール
3:ypbind-1.19-12.el5.i386 のインストール
sysklogd-1.4.1-44.el5.i386 のインストール
4:vixie-cron-4.1-76.el5.i386 のインストール
kbd-1.12-21.el5.i386 のインストール
12:dhclient-3.0.5-21.el5.i386 のインストール
dnsmasq-2.45-1.el5_2.1.i386 のインストール
cyrus-sasl-2.1.22-5.el5.i386 のインストール
sendmail-8.13.8-2.el5.i386 のインストール
httpd-2.2.3-31.el5.centos.i386 のインストール
mcstrans-0.2.11-3.el5.i386 のインストール
foomatic-3.0.2-38.3.el5.i386 のインストール
system-config-printer-libs-0.7.32.10-1.el5.i386 のインストール
2:vim-minimal-7.0.109-6.el5.i386 のインストール
libselinux-utils-1.33.4-5.5.el5.i386 のインストール
sudo-1.6.9p17-5.el5.i386 のインストール
mdadm-2.6.9-2.el5.i386 のインストール
fetchmail-6.3.6-1.1.el5.i386 のインストール
yp-tools-2.9-0.1.i386 のインストール
krb5-workstation-1.6.1-36.el5.i386 のインストール
prelink-0.4.0-2.el5.i386 のインストール
wdaemon-0.14-4.i386 のインストール
1:quota-3.13-1.2.5.el5.i386 のインストール
acpid-1.0.4-9.el5.i386 のインストール
2:irqbalance-0.55-15.el5.i386 のインストール
1:microcode_ctl-1.17-1.48.el5.i386 のインストール
ipsec-tools-0.6.5-13.el5_3.1.i386 のインストール
rp-pppoe-3.5-32.1.i386 のインストール
1:rng-utils-2.0-1.14.1.fc6.i386 のインストール
1:smartmontools-5.38-2.el5.i386 のインストール
dhcpv6-client-1.0.10-17.el5.i386 のインストール
amtu-1.0.6-1.el5.i386 のインストール
nss_ldap-253-21.el5.i386 のインストール
cadaver-0.22.3-4.el5.i386 のインストール
30:bind-utils-9.3.6-4.P1.el5.i386 のインストール
wvdial-1.54.0-5.2.2.1.i386 のインストール
hplip-1.6.7-4.1.el5.4.i386 のインストール
samba-client-3.0.33-3.14.el5.i386 のインストール
setuptool-1.19.2-1.el5.centos.i386 のインストール
pam_pkcs11-0.5.3-23.i386 のインストール
pam_ccreds-3-5.i386 のインストール
pam_krb5-2.2.14-10.i386 のインストール
minicom-2.1-3.i386 のインストール
xterm-215-8.el5.i386 のインストール
glx-utils-6.5.1-7.7.el5.i386 のインストール
tmpwatch-2.9.7-1.1.el5.2.i386 のインストール
conman-0.1.9.2-8.el5.i386 のインストール
gnupg-1.4.5-14.i386 のインストール
1:vorbis-tools-1.1.1-3.el5.i386 のインストール
xorg-x11-apps-7.1-4.0.1.el5.i386 のインストール
1:autofs-5.0.1-0.rc2.131.el5.i386 のインストール
stunnel-4.15-2.el5.1.i386 のインストール
wget-1.11.4-2.el5.i386 のインストール
14:tcpdump-3.9.4-14.el5.i386 のインストール
slrn-0.9.8.1pl1-1.2.2.i386 のインストール
elinks-0.11.1-5.1.0.1.el5.i386 のインストール
pkinit-nss-0.7.6-1.el5.i386 のインストール
psacct-6.3.2-44.el5.i386 のインストール
1:readahead-1.3-7.el5.i386 のインストール
ksh-20080202-14.el5.i386 のインストール
a2ps-4.13b-57.2.el5.i386 のインストール
parted-1.8.1-23.el5.i386 のインストール
mlocate-0.15-1.el5.2.i386 のインストール
lsof-4.78-3.i386 のインストール
nss_db-2.2-35.3.i386 のインストール
2:vim-enhanced-7.0.109-6.el5.i386 のインストール
hicolor-icon-theme-0.9-2.1.noarch のインストール
htmlview-4.0.0-2.el5.noarch のインストール
sgml-common-0.6.3-18.noarch のインストール
python-iniparse-0.2.3-4.el5.noarch のインストール
ghostscript-fonts-5.50-13.1.1.noarch のインストール
launchmail-4.0.0-2.el5.noarch のインストール
syslinux-3.11-4.i386 のインストール
python-urlgrabber-3.1.0-5.el5.noarch のインストール
gnome-doc-utils-0.8.0-2.fc6.noarch のインストール
ntp-4.2.2p1-9.el5.centos.2.i386 のインストール
bitmap-fonts-0.3-5.1.1.noarch のインストール
liberation-fonts-1.0-1.el5.noarch のインストール
xml-common-0.6.3-18.noarch のインストール
Deployment_Guide-ja-JP-5.2-11.el5.centos.noarch のインストール
sos-1.7-9.27.el5.noarch のインストール
dejavu-lgc-fonts-2.10-1.noarch のインストール
logwatch-7.3-6.el5.noarch のインストール
gtk2-2.10.4-20.el5.i386 のインストール
GConf2-2.14.0-9.el5.i386 のインストール
gnome-keyring-0.6.0-1.fc6.i386 のインストール
libglade2-2.6.0-2.i386 のインストール
libgnomecanvas-2.14.0-4.1.i386 のインストール
pygtk2-2.10.1-12.el5.i386 のインストール
libgcj-4.1.2-46.el5.i386 のインストール
pygtk2-libglade-2.10.1-12.el5.i386 のインストール
gail-1.9.2-1.fc6.i386 のインストール
libwnck-2.16.0-4.fc6.i386 のインストール
scim-libs-1.4.4-41.el5.i386 のインストール
scim-1.4.4-41.el5.i386 のインストール
at-spi-1.7.11-3.el5.i386 のインストール
2:gimp-libs-2.2.13-2.0.7.el5.i386 のインストール
usermode-gtk-1.88-3.el5.2.i386 のインストール
gtk2-engines-2.8.0-3.el5.i386 のインストール
redhat-artwork-5.1.0-28.el5.centos.i386 のインストール
metacity-2.16.0-12.el5.i386 のインストール
libwmf-0.2.8.4-10.2.i386 のインストール
vte-0.14.0-2.el5.i386 のインストール
gnome-mag-0.13.1-1.fc6.i386 のインストール
scim-bridge-0.4.5-9.el5.i386 のインストール
libgpod-0.4.0-1.el5.i386 のインストール
poppler-0.5.4-4.4.el5_3.9.i386 のインストール
trousers-0.3.1-4.el5.i386 のインストール
1:xsri-2.1.0-10.fc6.i386 のインストール
kasumi-2.0.1-1.1.fc6.i386 のインストール
opensp-1.5.2-4.i386 のインストール
openjade-1.3.2-27.i386 のインストール
scim-anthy-1.2.0-6.el5.i386 のインストール
ecryptfs-utils-75-5.el5.i386 のインストール
scim-bridge-gtk-0.4.5-9.el5.i386 のインストール
rhgb-0.16.4-8.el5.centos.3.i386 のインストール
scim-qtimm-0.9.4-5.i386 のインストール
1:java-1.6.0-openjdk-1.6.0.0-1.2.b09.el5.i386 のインストール
pinfo-0.6.9-1.fc6.i386 のインストール
gnome-icon-theme-2.16.0.1-4.el5.noarch のインストール
gnome-themes-2.16.0-1.fc6.noarch のインストール
docbook-dtds-1.0-30.1.noarch のインストール
authconfig-gtk-5.3.21-6.el5.i386 のインストール
system-config-securitylevel-1.6.29.1-2.1.el5.i386 のインストール
system-config-language-1.1.18-3.el5.noarch のインストール
system-config-services-0.9.4-1.el5.noarch のインストール
system-config-printer-0.7.32.10-1.el5.i386 のインストール
scrollkeeper-0.3.14-9.el5.i386 のインストール
zenity-2.16.0-2.el5.i386 のインストール
gnome-user-docs-2.16.0-2.fc6.noarch のインストール
dbus-libs-1.1.2-12.el5.i386 のインストール
dbus-glib-0.73-8.el5.i386 のインストール
dbus-1.1.2-12.el5.i386 のインストール
rpm-4.4.2.3-18.el5.i386 のインストール
policycoreutils-1.33.12-14.6.el5.i386 のインストール
dbus-python-0.70-7.el5.i386 のインストール
avahi-0.6.16-6.el5.i386 のインストール
avahi-glib-0.6.16-6.el5.i386 のインストール
sane-backends-libs-1.0.18-5.el5.i386 のインストール
fipscheck-lib-1.2.0-1.el5.i386 のインストール
pcsc-lite-1.4.4-0.1.el5.i386 のインストール
openssh-4.3p2-36.el5.i386 のインストール
ifd-egate-0.05-15.i386 のインストール
mkinitrd-5.1.19.6-54.i386 のインストール
module-init-tools-3.3-0.pre3.1.54.el5.i386 のインストール
dbus-x11-1.1.2-12.el5.i386 のインストール
notification-daemon-0.3.5-9.el5.i386 のインストール
libnotify-0.4.2-6.el5.i386 のインストール
rpm-libs-4.4.2.3-18.el5.i386 のインストール
rpm-python-4.4.2.3-18.el5.i386 のインストール
bluez-gnome-0.5-5.fc6.i386 のインストール
notify-python-0.1.0-3.fc6.i386 のインストール
ccid-1.3.8-1.el5.i386 のインストール
coolkey-1.1.0-6.el5.i386 のインストール
libpurple-2.5.9-1.el5.i386 のインストール
avahi-compat-libdns_sd-0.6.16-6.el5.i386 のインストール
1:cups-1.3.7-11.el5.i386 のインストール
libgnomecups-0.2.2-8.i386 のインストール
man-1.6d-1.1.i386 のインストール
oddjob-0.27-9.el5.i386 のインストール
1:wpa_supplicant-0.5.10-8.el5.i386 のインストール
oddjob-libs-0.27-9.el5.i386 のインストール
fipscheck-1.2.0-1.el5.i386 のインストール
java-1.4.2-gcj-compat-1.4.2.0-40jpp.115.i386 のインストール
hwdata-0.213.16-1.el5.noarch のインストール
kernel-2.6.18-164.el5.i686 のインストール
selinux-policy-2.4.6-255.el5.noarch のインストール
tomcat5-servlet-2.4-api-5.5.23-0jpp.7.el5_3.2.i386 のインストール
pciutils-2.2.3-7.el5.i386 のインストール
xalan-j2-2.7.0-6jpp.1.i386 のインストール
xml-commons-apis-1.3.02-0.b2.7jpp.10.i386 のインストール
xml-commons-resolver-1.1-1jpp.12.i386 のインストール
xerces-j2-2.7.1-7jpp.2.i386 のインストール
1:hsqldb-1.8.0.9-1jpp.2.i386 のインストール
tomcat5-jsp-2.0-api-5.5.23-0jpp.7.el5_3.2.i386 のインストール
bsf-2.3.0-11jpp.1.i386 のインストール
bsh-1.3.0-9jpp.1.i386 のインストール
gjdoc-0.7.7-12.el5.i386 のインストール
antlr-2.7.6-4jpp.2.i386 のインストール
pcmciautils-014-5.i386 のインストール
usbutils-0.71-2.1.i386 のインストール
isdn4k-utils-3.2-56.el5.i386 のインストール
bluez-utils-3.7-2.2.el5.centos.i386 のインストール
1:nfs-utils-1.0.9-42.el5.i386 のインストール
irda-utils-0.9.17-2.fc6.i386 のインストール
openssh-clients-4.3p2-36.el5.i386 のインストール
openssh-server-4.3p2-36.el5.i386 のインストール
openssh-askpass-4.3p2-36.el5.i386 のインストール
xsane-0.991-5.el5.i386 のインストール
gnome-user-share-0.10-6.el5.i386 のインストール
setools-3.0-3.el5.i386 のインストール
system-config-users-1.2.51-4.el5.noarch のインストール
selinux-policy-targeted-2.4.6-255.el5.noarch のインストール
redhat-lsb-3.1-12.3.EL.el5.centos.i386 のインストール
mkbootdisk-1.5.3-2.1.i386 のインストール
hal-0.5.8.1-52.el5.i386 のインストール
chkfontpath-1.10.1-1.1.i386 のインストール
kudzu-1.2.57.1.21-1.el5.centos.i386 のインストール
1:NetworkManager-glib-0.7.0-9.el5.i386 のインストール
sane-backends-1.0.18-5.el5.i386 のインストール
1:NetworkManager-0.7.0-9.el5.i386 のインストール
1:xorg-x11-drv-evdev-1.0.0.5-3.el5.i386 のインストール
pm-utils-0.99.3-10.el5.centos.i386 のインストール
xorg-x11-fonts-base-7.1-2.1.el5.noarch のインストール
yum-3.2.22-20.el5.centos.noarch のインストール
xorg-x11-server-Xnest-1.1.1-48.67.el5.i386 のインストール
hal-cups-utils-0.6.2-5.2.el5.i386 のインストール
libsane-hpaio-1.6.7-4.1.el5.4.i386 のインストール
1:xorg-x11-xfs-1.0.2-4.i386 のインストール
system-config-network-tui-1.3.99.18-1.el5.noarch のインストール
urw-fonts-2.3-6.1.1.noarch のインストール
firstboot-tui-1.4.27.7-1.el5.centos.i386 のインストール
system-config-soundcard-2.0.6-1.el5.noarch のインストール
fonts-japanese-0.20061016-4.el5.noarch のインストール
xorg-x11-fonts-Type1-7.1-2.1.el5.noarch のインストール
yum-fastestmirror-1.1.16-13.el5.centos.noarch のインストール
sabayon-apply-2.12.4-6.el5.i386 のインストール
1:yum-updatesd-0.9-2.el5.noarch のインストール
xorg-x11-fonts-misc-7.1-2.1.el5.noarch のインストール
xorg-x11-fonts-ISO8859-1-75dpi-7.1-2.1.el5.noarch のインストール
xorg-x11-fonts-100dpi-7.1-2.1.el5.noarch のインストール
xorg-x11-fonts-75dpi-7.1-2.1.el5.noarch のインストール
xorg-x11-fonts-ISO8859-1-100dpi-7.1-2.1.el5.noarch のインストール
xorg-x11-fonts-truetype-7.1-2.1.el5.noarch のインストール
ghostscript-8.15.2-9.11.el5.i386 のインストール
libgnomeprint22-2.12.1-10.el5.i386 のインストール
libgnomeprintui22-2.12.1-6.i386 のインストール
gimp-print-4.2.7-22.2.el5.i386 のインストール
gtksourceview-1.8.0-1.fc6.i386 のインストール
gimp-print-utils-4.2.7-22.2.el5.i386 のインストール
netpbm-progs-10.35.58-8.el5.i386 のインストール
vnc-server-4.1.2-14.el5_3.1.i386 のインストール
1:apmd-3.2.2-5.i386 のインストール
1:NetworkManager-gnome-0.7.0-9.el5.i386 のインストール
sane-frontends-1.0.14-1.2.2.i386 のインストール
gnome-vfs2-2.16.2-4.el5.i386 のインストール
libgnome-2.16.0-6.el5.i386 のインストール
libbonoboui-2.16.0-1.fc6.i386 のインストール
libgnomeui-2.16.0-5.el5.i386 のインストール
gnome-desktop-2.16.0-1.el5.centos.1.i386 のインストール
evolution-data-server-1.12.3-18.el5.i386 のインストール
nautilus-extensions-2.16.2-7.el5.i386 のインストール
gnome-panel-2.16.1-7.el5.i386 のインストール
gstreamer-plugins-base-0.10.20-3.0.1.el5_3.i386 のインストール
1:openoffice.org-core-2.3.0-6.11.el5.i386 のインストール
xulrunner-1.9.0.12-1.el5.i386 のインストール
gnome-mount-0.5-3.el5.i386 のインストール
gstreamer-plugins-good-0.10.9-1.el5_3.2.i386 のインストール
gucharmap-1.8.0-1.fc6.i386 のインストール
libgsf-1.14.1-6.1.i386 のインストール
librsvg2-2.16.1-1.el5.i386 のインストール
eel2-2.16.1-1.el5.i386 のインストール
nautilus-cd-burner-2.16.0-7.el5.i386 のインストール
gnome-media-2.16.1-3.el5.i386 のインストール
xorg-x11-drv-void-1.1.0-3.1.i386 のインストール
libwpd-0.8.7-3.el5.i386 のインストール
yelp-2.16.0-22.el5.i386 のインストール
gnome-netstatus-2.12.0-5.el5.i386 のインストール
gnome-pilot-2.0.13-16.i386 のインストール
libgail-gnome-1.1.3-1.2.1.i386 のインストール
1:control-center-2.16.0-16.el5.i386 のインストール
gtkhtml3-3.16.3-1.el5.i386 のインストール
gthumb-2.7.8-8.el5.i386 のインストール
gnome-volume-manager-2.15.0-5.el5.i386 のインストール
gcalctool-5.8.25-1.el5.i386 のインストール
gnome-spell-1.0.7-3.1.i386 のインストール
evolution-2.12.3-19.el5.i386 のインストール
gnome-vfs2-smb-2.16.2-4.el5.i386 のインストール
gtkhtml2-2.11.0-3.i386 のインストール
2:gimp-2.2.13-2.0.7.el5.i386 のインストール
xsane-gimp-0.991-5.el5.i386 のインストール
gimp-print-plugin-4.2.7-22.2.el5.i386 のインストール
nautilus-2.16.2-7.el5.i386 のインストール
evolution-connector-2.12.3-11.el5.i386 のインストール
1:gnome-utils-2.16.0-5.el5.i386 のインストール
gnome-session-2.16.0-7.el5.centos.i386 のインストール
orca-1.0.0-5.el5.i386 のインストール
1:openoffice.org-writer-2.3.0-6.11.el5.i386 のインストール
sound-juicer-2.16.0-3.el5.i386 のインストール
rhythmbox-0.11.6-4.el5.i386 のインストール
ImageMagick-6.2.8.0-4.el5_1.1.i386 のインストール
1:gnome-games-2.16.0-2.el5.i386 のインストール
1:gdm-2.16.0-56.el5.centos.i386 のインストール
totem-2.16.7-6.el5.i386 のインストール
nspluginwrapper-0.9.91.5-22.el5.i386 のインストール
1:openoffice.org-impress-2.3.0-6.11.el5.i386 のインストール
1:openoffice.org-math-2.3.0-6.11.el5.i386 のインストール
1:openoffice.org-calc-2.3.0-6.11.el5.i386 のインストール
1:openoffice.org-graphicfilter-2.3.0-6.11.el5.i386 のインストール
1:openoffice.org-draw-2.3.0-6.11.el5.i386 のインストール
evince-0.6.0-9.el5.i386 のインストール
nautilus-open-terminal-0.6-6.el5.i386 のインストール
file-roller-2.16.0-2.fc6.i386 のインストール
nautilus-sendto-1.0.1-6.el5.centos.i386 のインストール
evolution-webcal-2.7.1-6.i386 のインストール
ekiga-2.0.2-7.0.2.i386 のインストール
eog-2.16.0.1-6.el5.i386 のインストール
planner-0.14.1-4.el5.i386 のインストール
krb5-auth-dialog-0.7-1.i386 のインストール
gnome-terminal-2.16.0-5.3.el5.i386 のインストール
vino-2.13.5-7.el5.i386 のインストール
gnome-power-manager-2.16.0-10.el5.i386 のインストール
gnome-system-monitor-2.16.0-3.el5.i386 のインストール
gok-1.2.0-2.el5.i386 のインストール
desktop-printing-0.19-20.2.el5.i386 のインストール
im-chooser-0.3.3-6.el5.i386 のインストール
gnome-screensaver-2.16.1-8.el5.i386 のインストール
firefox-3.0.12-1.el5.centos.i386 のインストール
gimp-help-2-0.1.0.10.1.1.noarch のインストール
gimp-data-extras-2.0.1-1.1.1.noarch のインストール
esc-1.1.0-9.el5.i386 のインストール
1:openoffice.org-xsltfilter-2.3.0-6.11.el5.i386 のインストール
1:openoffice.org-langpack-ja_JP-2.3.0-6.11.el5.i386 のインストール
5:mutt-1.4.2.2-3.0.2.el5.i386 のインストール
gnome-python2-2.16.0-1.fc6.i386 のインストール
gnome-python2-canvas-2.16.0-1.fc6.i386 のインストール
gnome-python2-gconf-2.16.0-1.fc6.i386 のインストール
xorg-x11-drv-mouse-1.1.1-1.1.i386 のインストール
gnome-python2-gnomevfs-2.16.0-1.fc6.i386 のインストール
gnome-python2-desktop-2.16.0-3.el5.i386 のインストール
system-config-date-1.8.12-4.el5.centos.noarch のインストール
system-config-network-1.3.99.18-1.el5.noarch のインストール
gnome-python2-extras-2.14.2-6.el5.i386 のインストール
gnome-python2-libegg-2.14.2-6.el5.i386 のインストール
gnome-python2-applet-2.16.0-3.el5.i386 のインストール
gnome-python2-gnomeprint-2.16.0-3.el5.i386 のインストール
gnome-python2-gtksourceview-2.16.0-3.el5.i386 のインストール
1:gedit-2.16.0-9.el5.i386 のインストール
1:gnome-applets-2.16.0.1-19.el5.i386 のインストール
hal-gnome-0.5.8.1-52.el5.i386 のインストール
gnome-python2-bonobo-2.16.0-1.fc6.i386 のインストール
pirut-1.3.28-13.el5.centos.noarch のインストール
alacarte-0.10.0-1.fc6.noarch のインストール
xorg-x11-drv-vesa-1.3.0-8.1.el5.i386 のインストール
xorg-x11-server-Xorg-1.1.1-48.67.el5.i386 のインストール
rhpxl-0.41.1-7.el5.i386 のインストール
xorg-x11-drv-keyboard-1.1.0-3.i386 のインストール
xorg-x11-drv-neomagic-1.1.1-2.1.i386 のインストール
xorg-x11-drv-penmount-1.1.0-2.1.i386 のインストール
xorg-x11-drv-hyperpen-1.1.0-2.i386 のインストール
xorg-x11-drv-elographics-1.1.0-1.1.i386 のインストール
xorg-x11-drv-digitaledge-1.1.0-1.1.i386 のインストール
xorg-x11-drv-dmc-1.1.0-2.i386 のインストール
xorg-x11-drv-ark-0.6.0-2.1.i386 のインストール
xorg-x11-drv-rendition-4.1.0-3.1.i386 のインストール
xorg-x11-drv-vmware-10.13.0-2.1.i386 のインストール
xorg-x11-drv-voodoo-1.1.0-3.1.i386 のインストール
xorg-x11-drv-palmax-1.1.0-1.1.i386 のインストール
xorg-x11-drv-joystick-1.1.0-1.1.i386 のインストール
xorg-x11-drv-ati-6.6.3-3.27.el5.i386 のインストール
xorg-x11-drv-i810-1.6.5-9.25.el5.i386 のインストール
xorg-x11-drv-ast-0.81.0-3.i386 のインストール
xorg-x11-drv-i128-1.2.0-4.i386 のインストール
xorg-x11-drv-nsc-2.8.1-2.1.i386 のインストール
xorg-x11-drv-magellan-1.1.0-1.1.i386 のインストール
xorg-x11-drv-fbdev-0.3.0-2.i386 のインストール
xorg-x11-drv-aiptek-1.0.1-2.i386 のインストール
xorg-x11-drv-trident-1.2.1-3.fc6.i386 のインストール
xorg-x11-drv-chips-1.1.1-2.1.i386 のインストール
xorg-x11-drv-fpit-1.1.0-1.1.i386 のインストール
xorg-x11-drv-tseng-1.1.0-3.1.i386 のインストール
xorg-x11-drv-vmmouse-12.4.0-2.1.i386 のインストール
xorg-x11-drv-tek4957-1.1.0-1.1.i386 のインストール
xorg-x11-drv-microtouch-1.1.0-1.1.i386 のインストール
xorg-x11-drv-s3virge-1.9.1-2.1.i386 のインストール
xorg-x11-drv-calcomp-1.1.0-1.1.i386 のインストール
xorg-x11-drv-jamstudio-1.1.0-1.1.i386 のインストール
xorg-x11-drv-savage-2.1.1-5.fc6.i386 のインストール
xorg-x11-drv-s3-0.4.1-2.1.i386 のインストール
xorg-x11-drv-mga-1.4.10-5.el5.i386 のインストール
xorg-x11-drv-ur98-1.1.0-1.1.i386 のインストール
xorg-x11-drv-citron-2.2.0-1.1.i386 のインストール
xorg-x11-drv-acecad-1.1.0-2.1.i386 のインストール
xorg-x11-drv-spaceorb-1.1.0-1.1.i386 のインストール
xorg-x11-drv-cirrus-1.1.0-2.fc6.i386 のインストール
xorg-x11-drv-sis-0.9.1-7.1.el5.i386 のインストール
xorg-x11-drv-tdfx-1.2.1-3.1.i386 のインストール
xorg-x11-drv-elo2300-1.1.0-1.1.i386 のインストール
xorg-x11-drv-via-0.2.1-9.i386 のインストール
xorg-x11-drv-siliconmotion-1.4.1-2.1.i386 のインストール
xorg-x11-drv-sisusb-0.8.1-4.1.i386 のインストール
xorg-x11-drv-apm-1.1.1-2.1.i386 のインストール
xorg-x11-drv-vga-4.1.0-2.1.i386 のインストール
xorg-x11-drv-i740-1.1.0-2.1.i386 のインストール
xorg-x11-drv-dynapro-1.1.0-2.i386 のインストール
xorg-x11-drv-dummy-0.2.0-2.1.i386 のインストール
xorg-x11-drv-nv-2.1.12-6.el5.i386 のインストール
xorg-x11-drv-magictouch-1.0.0.5-2.1.i386 のインストール
xorg-x11-drv-cyrix-1.1.0-4.i386 のインストール
xorg-x11-drv-v4l-0.1.1-4.i386 のインストール
xorg-x11-drv-glint-1.1.1-4.1.i386 のインストール
xorg-x11-drv-summa-1.1.0-1.1.i386 のインストール
xorg-x11-drv-mutouch-1.1.0-3.i386 のインストール
synaptics-0.14.4-8.fc6.i386 のインストール
linuxwacom-0.7.8.3-6.el5.i386 のインストール
system-config-display-1.0.48-2.el5.noarch のインストール
xorg-x11-drivers-7.1-4.1.el5.i386 のインストール
system-config-keyboard-1.2.11-1.el5.noarch のインストール
firstboot-1.4.27.7-1.el5.centos.i386 のインストール
